<?xml version="1.0" encoding="UTF-8"?>
<testng-results skipped="0" failed="0" ignored="0" total="1" passed="1">
  <reporter-output>
  </reporter-output>
  <suite name="Suite" duration-ms="8695" started-at="2017-08-09T07:06:16Z" finished-at="2017-08-09T07:06:25Z">
    <groups>
    </groups>
    <test name="Test" duration-ms="8695" started-at="2017-08-09T07:06:16Z" finished-at="2017-08-09T07:06:25Z">
      <class name="google.homepage.search.SearchTest">
        <test-method status="PASS" signature="testSearch()[pri:0, instance:google.homepage.search.SearchTest@2133c8f8]" name="testSearch" duration-ms="8673" started-at="2017-08-09T15:06:16Z" finished-at="2017-08-09T15:06:25Z">
          <reporter-output>
          </reporter-output>
        </test-method> <!-- testSearch -->
      </class> <!-- google.homepage.search.SearchTest -->
    </test> <!-- Test -->
  </suite> <!-- Suite -->
</testng-results>
