<?xml version="1.0" encoding="UTF-8"?>
<testng-results skipped="0" failed="0" ignored="0" total="1" passed="1">
  <reporter-output>
  </reporter-output>
  <suite name="Suite" duration-ms="8211" started-at="2017-08-08T08:09:44Z" finished-at="2017-08-08T08:09:52Z">
    <groups>
    </groups>
    <test name="Test" duration-ms="8211" started-at="2017-08-08T08:09:44Z" finished-at="2017-08-08T08:09:52Z">
      <class name="google.homepage.search.SearchTest">
        <test-method status="PASS" signature="testSearch()[pri:0, instance:google.homepage.search.SearchTest@5b275dab]" name="testSearch" duration-ms="8188" started-at="2017-08-08T16:09:44Z" finished-at="2017-08-08T16:09:52Z">
          <reporter-output>
          </reporter-output>
        </test-method> <!-- testSearch -->
      </class> <!-- google.homepage.search.SearchTest -->
    </test> <!-- Test -->
  </suite> <!-- Suite -->
</testng-results>
